[2024-06-04T23:00:12.154+0000] {manager.py:470} INFO - Processing files using up to 2 processes at a time 
[2024-06-04T23:00:12.157+0000] {manager.py:471} INFO - Process each file at most once every 10 seconds
[2024-06-04T23:00:12.160+0000] {manager.py:472} INFO - Checking for new files in /opt/airflow/dags every 300 seconds
[2024-06-04T23:00:12.164+0000] {manager.py:737} INFO - Searching for files in /opt/airflow/dags
[2024-06-04T23:00:12.202+0000] {manager.py:740} INFO - There are 1 files in /opt/airflow/dags
[2024-06-04T23:00:12.533+0000] {manager.py:878} INFO - 
================================================================================
DAG File Processing Stats

File Path                      PID  Runtime      # DAGs    # Errors  Last Runtime    Last Run
---------------------------  -----  ---------  --------  ----------  --------------  ----------
/opt/airflow/dags/my_dag.py    171  0.15s             0           0
================================================================================
[2024-06-04T23:00:42.951+0000] {manager.py:878} INFO - 
================================================================================
DAG File Processing Stats

File Path                    PID    Runtime      # DAGs    # Errors  Last Runtime    Last Run
---------------------------  -----  ---------  --------  ----------  --------------  -------------------
/opt/airflow/dags/my_dag.py                           0           1  0.54s           2024-06-04T23:00:33
================================================================================
[2024-06-04T23:01:13.197+0000] {manager.py:878} INFO - 
================================================================================
DAG File Processing Stats

File Path                    PID    Runtime      # DAGs    # Errors  Last Runtime    Last Run
---------------------------  -----  ---------  --------  ----------  --------------  -------------------
/opt/airflow/dags/my_dag.py                           0           1  0.19s           2024-06-04T23:01:05
================================================================================
[2024-06-04T23:01:43.324+0000] {manager.py:878} INFO - 
================================================================================
DAG File Processing Stats

File Path                    PID    Runtime      # DAGs    # Errors  Last Runtime    Last Run
---------------------------  -----  ---------  --------  ----------  --------------  -------------------
/opt/airflow/dags/my_dag.py                           0           1  0.30s           2024-06-04T23:01:36
================================================================================
[2024-06-04T23:02:13.361+0000] {manager.py:878} INFO - 
================================================================================
DAG File Processing Stats

File Path                    PID    Runtime      # DAGs    # Errors  Last Runtime    Last Run
---------------------------  -----  ---------  --------  ----------  --------------  -------------------
/opt/airflow/dags/my_dag.py                           0           1  0.15s           2024-06-04T23:02:07
================================================================================
[2024-06-04T23:02:43.712+0000] {manager.py:878} INFO - 
================================================================================
DAG File Processing Stats

File Path                    PID    Runtime      # DAGs    # Errors  Last Runtime    Last Run
---------------------------  -----  ---------  --------  ----------  --------------  -------------------
/opt/airflow/dags/my_dag.py                           0           1  0.35s           2024-06-04T23:02:38
================================================================================
[2024-06-04T23:03:14.347+0000] {manager.py:878} INFO - 
================================================================================
DAG File Processing Stats

File Path                    PID    Runtime      # DAGs    # Errors  Last Runtime    Last Run
---------------------------  -----  ---------  --------  ----------  --------------  -------------------
/opt/airflow/dags/my_dag.py                           0           1  0.12s           2024-06-04T23:03:09
================================================================================
[2024-06-04T23:03:44.998+0000] {manager.py:878} INFO - 
================================================================================
DAG File Processing Stats

File Path                    PID    Runtime      # DAGs    # Errors  Last Runtime    Last Run
---------------------------  -----  ---------  --------  ----------  --------------  -------------------
/opt/airflow/dags/my_dag.py                           0           1  0.14s           2024-06-04T23:03:40
================================================================================
[2024-06-04T23:04:15.038+0000] {manager.py:878} INFO - 
================================================================================
DAG File Processing Stats

File Path                    PID    Runtime      # DAGs    # Errors  Last Runtime    Last Run
---------------------------  -----  ---------  --------  ----------  --------------  -------------------
/opt/airflow/dags/my_dag.py                           0           1  0.26s           2024-06-04T23:04:10
================================================================================
[2024-06-04T23:04:45.589+0000] {manager.py:878} INFO - 
================================================================================
DAG File Processing Stats

File Path                    PID    Runtime      # DAGs    # Errors  Last Runtime    Last Run
---------------------------  -----  ---------  --------  ----------  --------------  -------------------
/opt/airflow/dags/my_dag.py                           0           1  0.13s           2024-06-04T23:04:41
================================================================================
[2024-06-04T23:05:12.187+0000] {manager.py:737} INFO - Searching for files in /opt/airflow/dags
[2024-06-04T23:05:12.248+0000] {manager.py:740} INFO - There are 1 files in /opt/airflow/dags
[2024-06-04T23:05:16.362+0000] {manager.py:878} INFO - 
================================================================================
DAG File Processing Stats

File Path                    PID    Runtime      # DAGs    # Errors  Last Runtime    Last Run
---------------------------  -----  ---------  --------  ----------  --------------  -------------------
/opt/airflow/dags/my_dag.py                           0           1  0.15s           2024-06-04T23:05:12
================================================================================
[2024-06-04T23:05:46.983+0000] {manager.py:878} INFO - 
================================================================================
DAG File Processing Stats

File Path                    PID    Runtime      # DAGs    # Errors  Last Runtime    Last Run
---------------------------  -----  ---------  --------  ----------  --------------  -------------------
/opt/airflow/dags/my_dag.py                           0           1  0.31s           2024-06-04T23:05:43
================================================================================
[2024-06-04T23:06:17.801+0000] {manager.py:878} INFO - 
================================================================================
DAG File Processing Stats

File Path                    PID    Runtime      # DAGs    # Errors  Last Runtime    Last Run
---------------------------  -----  ---------  --------  ----------  --------------  -------------------
/opt/airflow/dags/my_dag.py                           0           1  0.12s           2024-06-04T23:06:13
================================================================================
[2024-06-04T23:06:48.490+0000] {manager.py:878} INFO - 
================================================================================
DAG File Processing Stats

File Path                    PID    Runtime      # DAGs    # Errors  Last Runtime    Last Run
---------------------------  -----  ---------  --------  ----------  --------------  -------------------
/opt/airflow/dags/my_dag.py                           0           1  0.11s           2024-06-04T23:06:44
================================================================================
[2024-06-04T23:07:19.099+0000] {manager.py:878} INFO - 
================================================================================
DAG File Processing Stats

File Path                    PID    Runtime      # DAGs    # Errors  Last Runtime    Last Run
---------------------------  -----  ---------  --------  ----------  --------------  -------------------
/opt/airflow/dags/my_dag.py                           0           1  0.15s           2024-06-04T23:07:15
================================================================================
[2024-06-04T23:07:49.149+0000] {manager.py:878} INFO - 
================================================================================
DAG File Processing Stats

File Path                    PID    Runtime      # DAGs    # Errors  Last Runtime    Last Run
---------------------------  -----  ---------  --------  ----------  --------------  -------------------
/opt/airflow/dags/my_dag.py                           0           1  0.26s           2024-06-04T23:07:46
================================================================================
[2024-06-04T23:08:19.346+0000] {manager.py:878} INFO - 
================================================================================
DAG File Processing Stats

File Path                    PID    Runtime      # DAGs    # Errors  Last Runtime    Last Run
---------------------------  -----  ---------  --------  ----------  --------------  -------------------
/opt/airflow/dags/my_dag.py                           0           1  0.22s           2024-06-04T23:08:17
================================================================================
[2024-06-04T23:08:49.971+0000] {manager.py:878} INFO - 
================================================================================
DAG File Processing Stats

File Path                    PID    Runtime      # DAGs    # Errors  Last Runtime    Last Run
---------------------------  -----  ---------  --------  ----------  --------------  -------------------
/opt/airflow/dags/my_dag.py                           0           1  0.17s           2024-06-04T23:08:48
================================================================================
[2024-06-04T23:09:20.677+0000] {manager.py:878} INFO - 
================================================================================
DAG File Processing Stats

File Path                    PID    Runtime      # DAGs    # Errors  Last Runtime    Last Run
---------------------------  -----  ---------  --------  ----------  --------------  -------------------
/opt/airflow/dags/my_dag.py                           0           1  0.12s           2024-06-04T23:09:18
================================================================================
[2024-06-04T23:09:51.345+0000] {manager.py:878} INFO - 
================================================================================
DAG File Processing Stats

File Path                    PID    Runtime      # DAGs    # Errors  Last Runtime    Last Run
---------------------------  -----  ---------  --------  ----------  --------------  -------------------
/opt/airflow/dags/my_dag.py                           0           1  0.14s           2024-06-04T23:09:49
================================================================================
[2024-06-04T23:10:12.802+0000] {manager.py:737} INFO - Searching for files in /opt/airflow/dags
[2024-06-04T23:10:12.861+0000] {manager.py:740} INFO - There are 1 files in /opt/airflow/dags
[2024-06-04T23:10:22.002+0000] {manager.py:878} INFO - 
================================================================================
DAG File Processing Stats

File Path                    PID    Runtime      # DAGs    # Errors  Last Runtime    Last Run
---------------------------  -----  ---------  --------  ----------  --------------  -------------------
/opt/airflow/dags/my_dag.py                           0           1  0.13s           2024-06-04T23:10:20
================================================================================
[2024-06-04T23:10:52.642+0000] {manager.py:878} INFO - 
================================================================================
DAG File Processing Stats

File Path                    PID    Runtime      # DAGs    # Errors  Last Runtime    Last Run
---------------------------  -----  ---------  --------  ----------  --------------  -------------------
/opt/airflow/dags/my_dag.py                           0           1  0.11s           2024-06-04T23:10:50
================================================================================
[2024-06-04T23:11:23.340+0000] {manager.py:878} INFO - 
================================================================================
DAG File Processing Stats

File Path                    PID    Runtime      # DAGs    # Errors  Last Runtime    Last Run
---------------------------  -----  ---------  --------  ----------  --------------  -------------------
/opt/airflow/dags/my_dag.py                           0           1  0.15s           2024-06-04T23:11:21
================================================================================
[2024-06-04T23:11:54.017+0000] {manager.py:878} INFO - 
================================================================================
DAG File Processing Stats

File Path                    PID    Runtime      # DAGs    # Errors  Last Runtime    Last Run
---------------------------  -----  ---------  --------  ----------  --------------  -------------------
/opt/airflow/dags/my_dag.py                           0           1  0.13s           2024-06-04T23:11:52
================================================================================
[2024-06-04T23:11:54.116+0000] {manager.py:452} INFO - Exiting gracefully upon receiving signal 15
[2024-06-04T23:15:01.292+0000] {manager.py:470} INFO - Processing files using up to 2 processes at a time 
[2024-06-04T23:15:01.296+0000] {manager.py:471} INFO - Process each file at most once every 10 seconds
[2024-06-04T23:15:01.298+0000] {manager.py:472} INFO - Checking for new files in /opt/airflow/dags every 300 seconds
[2024-06-04T23:15:01.301+0000] {manager.py:737} INFO - Searching for files in /opt/airflow/dags
[2024-06-04T23:15:01.304+0000] {manager.py:740} INFO - There are 0 files in /opt/airflow/dags
[2024-06-04T23:17:27.319+0000] {manager.py:452} INFO - Exiting gracefully upon receiving signal 15
[2024-06-04T23:23:45.196+0000] {manager.py:470} INFO - Processing files using up to 2 processes at a time 
[2024-06-04T23:23:45.200+0000] {manager.py:471} INFO - Process each file at most once every 10 seconds
[2024-06-04T23:23:45.204+0000] {manager.py:472} INFO - Checking for new files in /opt/airflow/dags every 300 seconds
[2024-06-04T23:23:45.207+0000] {manager.py:737} INFO - Searching for files in /opt/airflow/dags
[2024-06-04T23:23:45.313+0000] {manager.py:740} INFO - There are 1 files in /opt/airflow/dags
[2024-06-04T23:23:45.745+0000] {manager.py:878} INFO - 
================================================================================
DAG File Processing Stats

File Path                      PID  Runtime      # DAGs    # Errors  Last Runtime    Last Run
---------------------------  -----  ---------  --------  ----------  --------------  ----------
/opt/airflow/dags/my_dag.py    171  0.24s             0           0
================================================================================
[2024-06-04T23:24:16.037+0000] {manager.py:878} INFO - 
================================================================================
DAG File Processing Stats

File Path                    PID    Runtime      # DAGs    # Errors  Last Runtime    Last Run
---------------------------  -----  ---------  --------  ----------  --------------  -------------------
/opt/airflow/dags/my_dag.py                           0           1  0.35s           2024-06-04T23:24:06
================================================================================
[2024-06-04T23:24:46.149+0000] {manager.py:878} INFO - 
================================================================================
DAG File Processing Stats

File Path                    PID    Runtime      # DAGs    # Errors  Last Runtime    Last Run
---------------------------  -----  ---------  --------  ----------  --------------  -------------------
/opt/airflow/dags/my_dag.py                           0           1  0.53s           2024-06-04T23:24:38
================================================================================
[2024-06-04T23:25:16.201+0000] {manager.py:878} INFO - 
================================================================================
DAG File Processing Stats

File Path                    PID    Runtime      # DAGs    # Errors  Last Runtime    Last Run
---------------------------  -----  ---------  --------  ----------  --------------  -------------------
/opt/airflow/dags/my_dag.py                           0           1  0.14s           2024-06-04T23:25:09
================================================================================
[2024-06-04T23:25:46.370+0000] {manager.py:878} INFO - 
================================================================================
DAG File Processing Stats

File Path                    PID    Runtime      # DAGs    # Errors  Last Runtime    Last Run
---------------------------  -----  ---------  --------  ----------  --------------  -------------------
/opt/airflow/dags/my_dag.py                           0           1  0.33s           2024-06-04T23:25:41
================================================================================
[2024-06-04T23:26:16.479+0000] {manager.py:878} INFO - 
================================================================================
DAG File Processing Stats

File Path                    PID    Runtime      # DAGs    # Errors  Last Runtime    Last Run
---------------------------  -----  ---------  --------  ----------  --------------  -------------------
/opt/airflow/dags/my_dag.py                           0           1  0.15s           2024-06-04T23:26:12
================================================================================
[2024-06-04T23:26:47.213+0000] {manager.py:878} INFO - 
================================================================================
DAG File Processing Stats

File Path                    PID    Runtime      # DAGs    # Errors  Last Runtime    Last Run
---------------------------  -----  ---------  --------  ----------  --------------  -------------------
/opt/airflow/dags/my_dag.py                           0           1  0.23s           2024-06-04T23:26:43
================================================================================
[2024-06-04T23:27:18.015+0000] {manager.py:878} INFO - 
================================================================================
DAG File Processing Stats

File Path                    PID    Runtime      # DAGs    # Errors  Last Runtime    Last Run
---------------------------  -----  ---------  --------  ----------  --------------  -------------------
/opt/airflow/dags/my_dag.py                           0           1  0.15s           2024-06-04T23:27:14
================================================================================
[2024-06-04T23:27:48.837+0000] {manager.py:878} INFO - 
================================================================================
DAG File Processing Stats

File Path                    PID    Runtime      # DAGs    # Errors  Last Runtime    Last Run
---------------------------  -----  ---------  --------  ----------  --------------  -------------------
/opt/airflow/dags/my_dag.py                           0           1  0.14s           2024-06-04T23:27:44
================================================================================
[2024-06-04T23:28:19.509+0000] {manager.py:878} INFO - 
================================================================================
DAG File Processing Stats

File Path                    PID    Runtime      # DAGs    # Errors  Last Runtime    Last Run
---------------------------  -----  ---------  --------  ----------  --------------  -------------------
/opt/airflow/dags/my_dag.py                           0           1  0.12s           2024-06-04T23:28:15
================================================================================
[2024-06-04T23:28:41.387+0000] {manager.py:452} INFO - Exiting gracefully upon receiving signal 15
[2024-06-04T23:29:49.256+0000] {manager.py:470} INFO - Processing files using up to 2 processes at a time 
[2024-06-04T23:29:49.260+0000] {manager.py:471} INFO - Process each file at most once every 10 seconds
[2024-06-04T23:29:49.264+0000] {manager.py:472} INFO - Checking for new files in /opt/airflow/dags every 300 seconds
[2024-06-04T23:29:49.267+0000] {manager.py:737} INFO - Searching for files in /opt/airflow/dags
[2024-06-04T23:29:49.394+0000] {manager.py:740} INFO - There are 1 files in /opt/airflow/dags
[2024-06-04T23:29:49.675+0000] {manager.py:878} INFO - 
================================================================================
DAG File Processing Stats

File Path                      PID  Runtime      # DAGs    # Errors  Last Runtime    Last Run
---------------------------  -----  ---------  --------  ----------  --------------  ----------
/opt/airflow/dags/my_dag.py    171  0.11s             0           0
================================================================================
[2024-06-04T23:30:19.702+0000] {manager.py:878} INFO - 
================================================================================
DAG File Processing Stats

File Path                    PID    Runtime      # DAGs    # Errors  Last Runtime    Last Run
---------------------------  -----  ---------  --------  ----------  --------------  -------------------
/opt/airflow/dags/my_dag.py                           0           1  0.20s           2024-06-04T23:30:10
================================================================================
[2024-06-04T23:30:50.450+0000] {manager.py:878} INFO - 
================================================================================
DAG File Processing Stats

File Path                    PID    Runtime      # DAGs    # Errors  Last Runtime    Last Run
---------------------------  -----  ---------  --------  ----------  --------------  -------------------
/opt/airflow/dags/my_dag.py                           0           1  1.05s           2024-06-04T23:30:42
================================================================================
[2024-06-04T23:31:21.159+0000] {manager.py:878} INFO - 
================================================================================
DAG File Processing Stats

File Path                    PID    Runtime      # DAGs    # Errors  Last Runtime    Last Run
---------------------------  -----  ---------  --------  ----------  --------------  -------------------
/opt/airflow/dags/my_dag.py                           0           1  0.26s           2024-06-04T23:31:13
================================================================================
[2024-06-04T23:31:51.974+0000] {manager.py:878} INFO - 
================================================================================
DAG File Processing Stats

File Path                    PID    Runtime      # DAGs    # Errors  Last Runtime    Last Run
---------------------------  -----  ---------  --------  ----------  --------------  -------------------
/opt/airflow/dags/my_dag.py                           0           1  0.13s           2024-06-04T23:31:44
================================================================================
[2024-06-04T23:32:22.768+0000] {manager.py:878} INFO - 
================================================================================
DAG File Processing Stats

File Path                    PID    Runtime      # DAGs    # Errors  Last Runtime    Last Run
---------------------------  -----  ---------  --------  ----------  --------------  -------------------
/opt/airflow/dags/my_dag.py                           0           1  0.14s           2024-06-04T23:32:14
================================================================================
[2024-06-04T23:32:53.378+0000] {manager.py:878} INFO - 
================================================================================
DAG File Processing Stats

File Path                    PID    Runtime      # DAGs    # Errors  Last Runtime    Last Run
---------------------------  -----  ---------  --------  ----------  --------------  -------------------
/opt/airflow/dags/my_dag.py                           0           1  0.19s           2024-06-04T23:32:43
================================================================================
[2024-06-04T23:33:24.028+0000] {manager.py:878} INFO - 
================================================================================
DAG File Processing Stats

File Path                    PID    Runtime      # DAGs    # Errors  Last Runtime    Last Run
---------------------------  -----  ---------  --------  ----------  --------------  -------------------
/opt/airflow/dags/my_dag.py                           0           1  0.14s           2024-06-04T23:33:14
================================================================================
[2024-06-04T23:33:41.418+0000] {manager.py:452} INFO - Exiting gracefully upon receiving signal 15
[2024-06-04T23:34:19.807+0000] {manager.py:470} INFO - Processing files using up to 2 processes at a time 
[2024-06-04T23:34:19.810+0000] {manager.py:471} INFO - Process each file at most once every 10 seconds
[2024-06-04T23:34:19.812+0000] {manager.py:472} INFO - Checking for new files in /opt/airflow/dags every 300 seconds
[2024-06-04T23:34:19.815+0000] {manager.py:737} INFO - Searching for files in /opt/airflow/dags
[2024-06-04T23:34:19.872+0000] {manager.py:740} INFO - There are 1 files in /opt/airflow/dags
[2024-06-04T23:34:20.005+0000] {manager.py:878} INFO - 
================================================================================
DAG File Processing Stats

File Path                      PID  Runtime      # DAGs    # Errors  Last Runtime    Last Run
---------------------------  -----  ---------  --------  ----------  --------------  ----------
/opt/airflow/dags/my_dag.py    171  0.06s             0           0
================================================================================
[2024-06-04T23:34:50.541+0000] {manager.py:878} INFO - 
================================================================================
DAG File Processing Stats

File Path                    PID    Runtime      # DAGs    # Errors  Last Runtime    Last Run
---------------------------  -----  ---------  --------  ----------  --------------  -------------------
/opt/airflow/dags/my_dag.py                           0           1  0.15s           2024-06-04T23:34:40
================================================================================
[2024-06-04T23:35:21.165+0000] {manager.py:878} INFO - 
================================================================================
DAG File Processing Stats

File Path                    PID    Runtime      # DAGs    # Errors  Last Runtime    Last Run
---------------------------  -----  ---------  --------  ----------  --------------  -------------------
/opt/airflow/dags/my_dag.py                           0           1  0.11s           2024-06-04T23:35:11
================================================================================
[2024-06-04T23:35:51.848+0000] {manager.py:878} INFO - 
================================================================================
DAG File Processing Stats

File Path                    PID    Runtime      # DAGs    # Errors  Last Runtime    Last Run
---------------------------  -----  ---------  --------  ----------  --------------  -------------------
/opt/airflow/dags/my_dag.py                           0           1  0.21s           2024-06-04T23:35:41
================================================================================
[2024-06-04T23:36:22.024+0000] {manager.py:878} INFO - 
================================================================================
DAG File Processing Stats

File Path                    PID    Runtime      # DAGs    # Errors  Last Runtime    Last Run
---------------------------  -----  ---------  --------  ----------  --------------  -------------------
/opt/airflow/dags/my_dag.py                           0           1  0.26s           2024-06-04T23:36:12
================================================================================
[2024-06-04T23:36:52.605+0000] {manager.py:878} INFO - 
================================================================================
DAG File Processing Stats

File Path                    PID    Runtime      # DAGs    # Errors  Last Runtime    Last Run
---------------------------  -----  ---------  --------  ----------  --------------  -------------------
/opt/airflow/dags/my_dag.py                           0           1  0.16s           2024-06-04T23:36:43
================================================================================
[2024-06-04T23:37:23.329+0000] {manager.py:878} INFO - 
================================================================================
DAG File Processing Stats

File Path                    PID    Runtime      # DAGs    # Errors  Last Runtime    Last Run
---------------------------  -----  ---------  --------  ----------  --------------  -------------------
/opt/airflow/dags/my_dag.py                           0           1  0.18s           2024-06-04T23:37:14
================================================================================
[2024-06-04T23:37:27.934+0000] {manager.py:452} INFO - Exiting gracefully upon receiving signal 15
[2024-06-04T23:41:33.686+0000] {manager.py:470} INFO - Processing files using up to 2 processes at a time 
[2024-06-04T23:41:33.690+0000] {manager.py:471} INFO - Process each file at most once every 10 seconds
[2024-06-04T23:41:33.694+0000] {manager.py:472} INFO - Checking for new files in /opt/airflow/dags every 300 seconds
[2024-06-04T23:41:33.698+0000] {manager.py:737} INFO - Searching for files in /opt/airflow/dags
[2024-06-04T23:41:33.918+0000] {manager.py:740} INFO - There are 1 files in /opt/airflow/dags
[2024-06-04T23:41:34.155+0000] {manager.py:878} INFO - 
================================================================================
DAG File Processing Stats

File Path                      PID  Runtime      # DAGs    # Errors  Last Runtime    Last Run
---------------------------  -----  ---------  --------  ----------  --------------  ----------
/opt/airflow/dags/my_dag.py    171  0.12s             0           0
================================================================================
[2024-06-04T23:42:04.886+0000] {manager.py:878} INFO - 
================================================================================
DAG File Processing Stats

File Path                    PID    Runtime      # DAGs    # Errors  Last Runtime    Last Run
---------------------------  -----  ---------  --------  ----------  --------------  -------------------
/opt/airflow/dags/my_dag.py                           0           1  0.17s           2024-06-04T23:41:54
================================================================================
[2024-06-04T23:42:34.999+0000] {manager.py:878} INFO - 
================================================================================
DAG File Processing Stats

File Path                    PID    Runtime      # DAGs    # Errors  Last Runtime    Last Run
---------------------------  -----  ---------  --------  ----------  --------------  -------------------
/opt/airflow/dags/my_dag.py                           0           1  0.51s           2024-06-04T23:42:27
================================================================================
[2024-06-04T23:43:05.061+0000] {manager.py:878} INFO - 
================================================================================
DAG File Processing Stats

File Path                    PID    Runtime      # DAGs    # Errors  Last Runtime    Last Run
---------------------------  -----  ---------  --------  ----------  --------------  -------------------
/opt/airflow/dags/my_dag.py                           0           1  0.38s           2024-06-04T23:43:00
================================================================================
[2024-06-04T23:43:35.688+0000] {manager.py:878} INFO - 
================================================================================
DAG File Processing Stats

File Path                    PID    Runtime      # DAGs    # Errors  Last Runtime    Last Run
---------------------------  -----  ---------  --------  ----------  --------------  -------------------
/opt/airflow/dags/my_dag.py                           0           1  0.20s           2024-06-04T23:43:30
================================================================================
[2024-06-04T23:44:04.022+0000] {manager.py:452} INFO - Exiting gracefully upon receiving signal 15
[2024-06-04T23:47:17.037+0000] {manager.py:470} INFO - Processing files using up to 2 processes at a time 
[2024-06-04T23:47:17.040+0000] {manager.py:471} INFO - Process each file at most once every 10 seconds
[2024-06-04T23:47:17.043+0000] {manager.py:472} INFO - Checking for new files in /opt/airflow/dags every 300 seconds
[2024-06-04T23:47:17.045+0000] {manager.py:737} INFO - Searching for files in /opt/airflow/dags
[2024-06-04T23:47:17.177+0000] {manager.py:740} INFO - There are 1 files in /opt/airflow/dags
[2024-06-04T23:47:17.319+0000] {manager.py:878} INFO - 
================================================================================
DAG File Processing Stats

File Path                      PID  Runtime      # DAGs    # Errors  Last Runtime    Last Run
---------------------------  -----  ---------  --------  ----------  --------------  ----------
/opt/airflow/dags/my_dag.py    171  0.06s             0           0
================================================================================
[2024-06-04T23:47:47.729+0000] {manager.py:878} INFO - 
================================================================================
DAG File Processing Stats

File Path                    PID    Runtime      # DAGs    # Errors  Last Runtime    Last Run
---------------------------  -----  ---------  --------  ----------  --------------  -------------------
/opt/airflow/dags/my_dag.py                           0           1  0.79s           2024-06-04T23:47:38
================================================================================
[2024-06-04T23:48:17.873+0000] {manager.py:878} INFO - 
================================================================================
DAG File Processing Stats

File Path                    PID    Runtime      # DAGs    # Errors  Last Runtime    Last Run
---------------------------  -----  ---------  --------  ----------  --------------  -------------------
/opt/airflow/dags/my_dag.py                           0           1  0.27s           2024-06-04T23:48:10
================================================================================
[2024-06-04T23:48:47.988+0000] {manager.py:878} INFO - 
================================================================================
DAG File Processing Stats

File Path                    PID    Runtime      # DAGs    # Errors  Last Runtime    Last Run
---------------------------  -----  ---------  --------  ----------  --------------  -------------------
/opt/airflow/dags/my_dag.py                           0           1  0.89s           2024-06-04T23:48:43
================================================================================
[2024-06-04T23:49:18.395+0000] {manager.py:878} INFO - 
================================================================================
DAG File Processing Stats

File Path                    PID    Runtime      # DAGs    # Errors  Last Runtime    Last Run
---------------------------  -----  ---------  --------  ----------  --------------  -------------------
/opt/airflow/dags/my_dag.py                           0           1  0.23s           2024-06-04T23:49:14
================================================================================
[2024-06-04T23:49:48.430+0000] {manager.py:878} INFO - 
================================================================================
DAG File Processing Stats

File Path                    PID    Runtime      # DAGs    # Errors  Last Runtime    Last Run
---------------------------  -----  ---------  --------  ----------  --------------  -------------------
/opt/airflow/dags/my_dag.py                           0           1  0.22s           2024-06-04T23:49:45
================================================================================
[2024-06-04T23:50:18.433+0000] {manager.py:878} INFO - 
================================================================================
DAG File Processing Stats

File Path                    PID    Runtime      # DAGs    # Errors  Last Runtime    Last Run
---------------------------  -----  ---------  --------  ----------  --------------  -------------------
/opt/airflow/dags/my_dag.py                           0           1  0.19s           2024-06-04T23:50:16
================================================================================
[2024-06-04T23:50:48.460+0000] {manager.py:878} INFO - 
================================================================================
DAG File Processing Stats

File Path                    PID    Runtime      # DAGs    # Errors  Last Runtime    Last Run
---------------------------  -----  ---------  --------  ----------  --------------  -------------------
/opt/airflow/dags/my_dag.py                           0           1  0.18s           2024-06-04T23:50:47
================================================================================
[2024-06-04T23:51:19.070+0000] {manager.py:878} INFO - 
================================================================================
DAG File Processing Stats

File Path                    PID    Runtime      # DAGs    # Errors  Last Runtime    Last Run
---------------------------  -----  ---------  --------  ----------  --------------  -------------------
/opt/airflow/dags/my_dag.py                           0           1  0.19s           2024-06-04T23:51:18
================================================================================
[2024-06-04T23:51:49.872+0000] {manager.py:878} INFO - 
================================================================================
DAG File Processing Stats

File Path                    PID    Runtime      # DAGs    # Errors  Last Runtime    Last Run
---------------------------  -----  ---------  --------  ----------  --------------  -------------------
/opt/airflow/dags/my_dag.py                           0           1  0.16s           2024-06-04T23:51:49
================================================================================
[2024-06-04T23:52:17.426+0000] {manager.py:737} INFO - Searching for files in /opt/airflow/dags
[2024-06-04T23:52:17.538+0000] {manager.py:740} INFO - There are 1 files in /opt/airflow/dags
[2024-06-04T23:52:20.620+0000] {manager.py:878} INFO - 
================================================================================
DAG File Processing Stats

File Path                    PID    Runtime      # DAGs    # Errors  Last Runtime    Last Run
---------------------------  -----  ---------  --------  ----------  --------------  -------------------
/opt/airflow/dags/my_dag.py                           0           1  0.14s           2024-06-04T23:52:19
================================================================================
[2024-06-04T23:52:51.353+0000] {manager.py:878} INFO - 
================================================================================
DAG File Processing Stats

File Path                    PID    Runtime      # DAGs    # Errors  Last Runtime    Last Run
---------------------------  -----  ---------  --------  ----------  --------------  -------------------
/opt/airflow/dags/my_dag.py                           0           1  0.17s           2024-06-04T23:52:50
================================================================================
[2024-06-04T23:53:21.484+0000] {manager.py:878} INFO - 
================================================================================
DAG File Processing Stats

File Path                    PID    Runtime      # DAGs    # Errors  Last Runtime    Last Run
---------------------------  -----  ---------  --------  ----------  --------------  -------------------
/opt/airflow/dags/my_dag.py                           0           1  0.15s           2024-06-04T23:53:21
================================================================================
[2024-06-04T23:53:51.927+0000] {manager.py:878} INFO - 
================================================================================
DAG File Processing Stats

File Path                    PID    Runtime      # DAGs    # Errors  Last Runtime    Last Run
---------------------------  -----  ---------  --------  ----------  --------------  -------------------
/opt/airflow/dags/my_dag.py                           0           1  0.16s           2024-06-04T23:53:42
================================================================================
[2024-06-04T23:54:22.659+0000] {manager.py:878} INFO - 
================================================================================
DAG File Processing Stats

File Path                    PID    Runtime      # DAGs    # Errors  Last Runtime    Last Run
---------------------------  -----  ---------  --------  ----------  --------------  -------------------
/opt/airflow/dags/my_dag.py                           0           1  0.17s           2024-06-04T23:54:12
================================================================================
[2024-06-04T23:54:53.558+0000] {manager.py:878} INFO - 
================================================================================
DAG File Processing Stats

File Path                    PID    Runtime      # DAGs    # Errors  Last Runtime    Last Run
---------------------------  -----  ---------  --------  ----------  --------------  -------------------
/opt/airflow/dags/my_dag.py                           0           1  0.18s           2024-06-04T23:54:50
================================================================================
[2024-06-04T23:55:24.131+0000] {manager.py:878} INFO - 
================================================================================
DAG File Processing Stats

File Path                    PID    Runtime      # DAGs    # Errors  Last Runtime    Last Run
---------------------------  -----  ---------  --------  ----------  --------------  -------------------
/opt/airflow/dags/my_dag.py                           0           1  0.26s           2024-06-04T23:55:21
================================================================================
[2024-06-04T23:55:52.489+0000] {manager.py:452} INFO - Exiting gracefully upon receiving signal 15
[2024-06-06T17:39:15.403+0000] {manager.py:470} INFO - Processing files using up to 2 processes at a time 
[2024-06-06T17:39:15.406+0000] {manager.py:471} INFO - Process each file at most once every 10 seconds
[2024-06-06T17:39:15.408+0000] {manager.py:472} INFO - Checking for new files in /opt/airflow/dags every 300 seconds
[2024-06-06T17:39:15.411+0000] {manager.py:737} INFO - Searching for files in /opt/airflow/dags
[2024-06-06T17:39:15.580+0000] {manager.py:740} INFO - There are 1 files in /opt/airflow/dags
[2024-06-06T17:39:15.708+0000] {manager.py:878} INFO - 
================================================================================
DAG File Processing Stats

File Path                      PID  Runtime      # DAGs    # Errors  Last Runtime    Last Run
---------------------------  -----  ---------  --------  ----------  --------------  ----------
/opt/airflow/dags/my_dag.py    171  0.06s             0           0
================================================================================
[2024-06-06T17:39:46.240+0000] {manager.py:878} INFO - 
================================================================================
DAG File Processing Stats

File Path                    PID    Runtime      # DAGs    # Errors  Last Runtime    Last Run
---------------------------  -----  ---------  --------  ----------  --------------  -------------------
/opt/airflow/dags/my_dag.py                           0           1  0.14s           2024-06-06T17:39:36
================================================================================
[2024-06-06T17:40:16.298+0000] {manager.py:878} INFO - 
================================================================================
DAG File Processing Stats

File Path                    PID    Runtime      # DAGs    # Errors  Last Runtime    Last Run
---------------------------  -----  ---------  --------  ----------  --------------  -------------------
/opt/airflow/dags/my_dag.py                           0           1  0.17s           2024-06-06T17:40:07
================================================================================
[2024-06-06T17:40:46.833+0000] {manager.py:878} INFO - 
================================================================================
DAG File Processing Stats

File Path                    PID    Runtime      # DAGs    # Errors  Last Runtime    Last Run
---------------------------  -----  ---------  --------  ----------  --------------  -------------------
/opt/airflow/dags/my_dag.py                           0           1  0.17s           2024-06-06T17:40:37
================================================================================
[2024-06-06T17:41:17.618+0000] {manager.py:878} INFO - 
================================================================================
DAG File Processing Stats

File Path                    PID    Runtime      # DAGs    # Errors  Last Runtime    Last Run
---------------------------  -----  ---------  --------  ----------  --------------  -------------------
/opt/airflow/dags/my_dag.py                           0           1  0.20s           2024-06-06T17:41:08
================================================================================
[2024-06-06T17:41:48.294+0000] {manager.py:878} INFO - 
================================================================================
DAG File Processing Stats

File Path                    PID    Runtime      # DAGs    # Errors  Last Runtime    Last Run
---------------------------  -----  ---------  --------  ----------  --------------  -------------------
/opt/airflow/dags/my_dag.py                           0           1  0.11s           2024-06-06T17:41:39
================================================================================
[2024-06-06T17:42:19.076+0000] {manager.py:878} INFO - 
================================================================================
DAG File Processing Stats

File Path                    PID    Runtime      # DAGs    # Errors  Last Runtime    Last Run
---------------------------  -----  ---------  --------  ----------  --------------  -------------------
/opt/airflow/dags/my_dag.py                           0           1  0.12s           2024-06-06T17:42:10
================================================================================
[2024-06-06T17:42:49.864+0000] {manager.py:878} INFO - 
================================================================================
DAG File Processing Stats

File Path                    PID    Runtime      # DAGs    # Errors  Last Runtime    Last Run
---------------------------  -----  ---------  --------  ----------  --------------  -------------------
/opt/airflow/dags/my_dag.py                           0           1  0.20s           2024-06-06T17:42:40
================================================================================
[2024-06-06T17:43:19.930+0000] {manager.py:878} INFO - 
================================================================================
DAG File Processing Stats

File Path                    PID    Runtime      # DAGs    # Errors  Last Runtime    Last Run
---------------------------  -----  ---------  --------  ----------  --------------  -------------------
/opt/airflow/dags/my_dag.py                           0           1  0.24s           2024-06-06T17:43:12
================================================================================
[2024-06-06T17:43:50.009+0000] {manager.py:878} INFO - 
================================================================================
DAG File Processing Stats

File Path                    PID    Runtime      # DAGs    # Errors  Last Runtime    Last Run
---------------------------  -----  ---------  --------  ----------  --------------  -------------------
/opt/airflow/dags/my_dag.py                           0           1  0.15s           2024-06-06T17:43:42
================================================================================
[2024-06-06T17:44:15.795+0000] {manager.py:737} INFO - Searching for files in /opt/airflow/dags
[2024-06-06T17:44:15.971+0000] {manager.py:740} INFO - There are 1 files in /opt/airflow/dags
[2024-06-06T17:44:20.065+0000] {manager.py:878} INFO - 
================================================================================
DAG File Processing Stats

File Path                    PID    Runtime      # DAGs    # Errors  Last Runtime    Last Run
---------------------------  -----  ---------  --------  ----------  --------------  -------------------
/opt/airflow/dags/my_dag.py                           0           1  0.19s           2024-06-06T17:44:13
================================================================================
[2024-06-06T17:44:50.192+0000] {manager.py:878} INFO - 
================================================================================
DAG File Processing Stats

File Path                    PID    Runtime      # DAGs    # Errors  Last Runtime    Last Run
---------------------------  -----  ---------  --------  ----------  --------------  -------------------
/opt/airflow/dags/my_dag.py                           0           1  0.20s           2024-06-06T17:44:45
================================================================================
[2024-06-06T17:45:20.258+0000] {manager.py:878} INFO - 
================================================================================
DAG File Processing Stats

File Path                    PID    Runtime      # DAGs    # Errors  Last Runtime    Last Run
---------------------------  -----  ---------  --------  ----------  --------------  -------------------
/opt/airflow/dags/my_dag.py                           0           1  0.25s           2024-06-06T17:45:16
================================================================================
[2024-06-06T17:45:50.997+0000] {manager.py:878} INFO - 
================================================================================
DAG File Processing Stats

File Path                    PID    Runtime      # DAGs    # Errors  Last Runtime    Last Run
---------------------------  -----  ---------  --------  ----------  --------------  -------------------
/opt/airflow/dags/my_dag.py                           0           1  0.15s           2024-06-06T17:45:47
================================================================================
[2024-06-06T17:46:21.168+0000] {manager.py:878} INFO - 
================================================================================
DAG File Processing Stats

File Path                    PID    Runtime      # DAGs    # Errors  Last Runtime    Last Run
---------------------------  -----  ---------  --------  ----------  --------------  -------------------
/opt/airflow/dags/my_dag.py                           0           1  0.28s           2024-06-06T17:46:18
================================================================================
[2024-06-06T17:46:51.241+0000] {manager.py:878} INFO - 
================================================================================
DAG File Processing Stats

File Path                    PID    Runtime      # DAGs    # Errors  Last Runtime    Last Run
---------------------------  -----  ---------  --------  ----------  --------------  -------------------
/opt/airflow/dags/my_dag.py                           0           1  0.28s           2024-06-06T17:46:49
================================================================================
[2024-06-06T17:47:21.301+0000] {manager.py:878} INFO - 
================================================================================
DAG File Processing Stats

File Path                    PID    Runtime      # DAGs    # Errors  Last Runtime    Last Run
---------------------------  -----  ---------  --------  ----------  --------------  -------------------
/opt/airflow/dags/my_dag.py                           0           1  0.20s           2024-06-06T17:47:20
================================================================================
[2024-06-06T17:47:51.322+0000] {manager.py:878} INFO - 
================================================================================
DAG File Processing Stats

File Path                    PID    Runtime      # DAGs    # Errors  Last Runtime    Last Run
---------------------------  -----  ---------  --------  ----------  --------------  -------------------
/opt/airflow/dags/my_dag.py                           0           1  0.22s           2024-06-06T17:47:51
================================================================================
[2024-06-06T17:48:21.983+0000] {manager.py:878} INFO - 
================================================================================
DAG File Processing Stats

File Path                    PID    Runtime      # DAGs    # Errors  Last Runtime    Last Run
---------------------------  -----  ---------  --------  ----------  --------------  -------------------
/opt/airflow/dags/my_dag.py                           0           1  0.19s           2024-06-06T17:48:12
================================================================================
[2024-06-06T17:48:52.192+0000] {manager.py:878} INFO - 
================================================================================
DAG File Processing Stats

File Path                    PID    Runtime      # DAGs    # Errors  Last Runtime    Last Run
---------------------------  -----  ---------  --------  ----------  --------------  -------------------
/opt/airflow/dags/my_dag.py                           0           1  0.26s           2024-06-06T17:48:43
================================================================================
[2024-06-06T17:49:15.822+0000] {manager.py:737} INFO - Searching for files in /opt/airflow/dags
[2024-06-06T17:49:15.926+0000] {manager.py:740} INFO - There are 1 files in /opt/airflow/dags
[2024-06-06T17:49:23.063+0000] {manager.py:878} INFO - 
================================================================================
DAG File Processing Stats

File Path                    PID    Runtime      # DAGs    # Errors  Last Runtime    Last Run
---------------------------  -----  ---------  --------  ----------  --------------  -------------------
/opt/airflow/dags/my_dag.py                           0           1  0.23s           2024-06-06T17:49:14
================================================================================
[2024-06-06T17:49:53.109+0000] {manager.py:878} INFO - 
================================================================================
DAG File Processing Stats

File Path                    PID    Runtime      # DAGs    # Errors  Last Runtime    Last Run
---------------------------  -----  ---------  --------  ----------  --------------  -------------------
/opt/airflow/dags/my_dag.py                           0           1  0.27s           2024-06-06T17:49:45
================================================================================
[2024-06-06T17:50:23.605+0000] {manager.py:878} INFO - 
================================================================================
DAG File Processing Stats

File Path                    PID    Runtime      # DAGs    # Errors  Last Runtime    Last Run
---------------------------  -----  ---------  --------  ----------  --------------  -------------------
/opt/airflow/dags/my_dag.py                           1           0  0.93s           2024-06-06T17:50:14
================================================================================
[2024-06-06T17:50:53.775+0000] {manager.py:878} INFO - 
================================================================================
DAG File Processing Stats

File Path                    PID    Runtime      # DAGs    # Errors  Last Runtime    Last Run
---------------------------  -----  ---------  --------  ----------  --------------  -------------------
/opt/airflow/dags/my_dag.py                           1           0  0.31s           2024-06-06T17:50:45
================================================================================
[2024-06-06T17:51:24.072+0000] {manager.py:878} INFO - 
================================================================================
DAG File Processing Stats

File Path                    PID    Runtime      # DAGs    # Errors  Last Runtime    Last Run
---------------------------  -----  ---------  --------  ----------  --------------  -------------------
/opt/airflow/dags/my_dag.py                           1           0  0.37s           2024-06-06T17:51:16
================================================================================
[2024-06-06T17:51:54.310+0000] {manager.py:878} INFO - 
================================================================================
DAG File Processing Stats

File Path                    PID    Runtime      # DAGs    # Errors  Last Runtime    Last Run
---------------------------  -----  ---------  --------  ----------  --------------  -------------------
/opt/airflow/dags/my_dag.py                           1           0  0.25s           2024-06-06T17:51:48
================================================================================
[2024-06-06T17:52:24.683+0000] {manager.py:878} INFO - 
================================================================================
DAG File Processing Stats

File Path                    PID    Runtime      # DAGs    # Errors  Last Runtime    Last Run
---------------------------  -----  ---------  --------  ----------  --------------  -------------------
/opt/airflow/dags/my_dag.py                           1           0  0.40s           2024-06-06T17:52:19
================================================================================
[2024-06-06T17:52:54.878+0000] {manager.py:878} INFO - 
================================================================================
DAG File Processing Stats

File Path                    PID    Runtime      # DAGs    # Errors  Last Runtime    Last Run
---------------------------  -----  ---------  --------  ----------  --------------  -------------------
/opt/airflow/dags/my_dag.py                           1           0  0.28s           2024-06-06T17:52:50
================================================================================
[2024-06-06T17:53:25.094+0000] {manager.py:878} INFO - 
================================================================================
DAG File Processing Stats

File Path                    PID    Runtime      # DAGs    # Errors  Last Runtime    Last Run
---------------------------  -----  ---------  --------  ----------  --------------  -------------------
/opt/airflow/dags/my_dag.py                           1           0  0.39s           2024-06-06T17:53:22
================================================================================
[2024-06-06T17:53:31.793+0000] {manager.py:452} INFO - Exiting gracefully upon receiving signal 15
